================  L O G - FILE - OPTFEKO  ================

Version: 2018.0.2-10 of 2018-02-06
Date: 2018-08-11 14:42:37
File: Yagi_8_element_V0_0_Corner_Panel_masks_optimum_optimum_optimum

OPTIMISATION WITH FEKO

================= Optimisation variables =================

No.  Name                                  Beg.value          Minimum          Maximum
  1 panel_reflector_spacing          3.445890000e-02  4.800000000e-03  5.168840000e-02
  2 panel_reflector_height           2.567880000e-02  2.139900000e-02  4.279800000e-02
  3 panel_reflector_length           6.891780000e-02  4.800000000e-03  2.067530000e-01



=================== Optimisation goals ===================

No.  Name                            Expression
  1 panel_reflector_parameters_masked.goals.mask_max  (log(total(direct(farfield(yagi_farfield)))))*(10)
  2 panel_reflector_parameters_masked.goals.mask_min  (log(total(direct(farfield(yagi_farfield)))))*(10)
  3 panel_reflector_parameters_masked.goals.maximise_directivity  max(total(direct(farfield(yagi_farfield))))


======== Optimisation method: SIMPLEX NELDER-MEAD ========

Maximum number of iterations:                      1000
Base of the simplex:                    1.500000000e-01
Reduction factor of the base:           5.000000000e-01
Termination at minimal base:            5.000000000e-03
Termination at standard deviation:      1.000000000e-02
Standard reflection coefficient (R):    1.000000000e+00
Contraction coefficient (-C, +C):       5.000000000e-01
Expansion coefficient (E):              2.000000000e+00


=========== SIMPLEX NELDER-MEAD: Intermediate results ===========

 No.    panel_reflector  panel_reflector  panel_reflector  panel_reflector  panel_reflector  panel_reflector  Global goal      Global best aim  Operation
     1  3.445890000e-02  2.567880000e-02  6.891780000e-02 composite goal   composite goal    1.776594714e+01  2.488932796e+04  2.488932796e+04
     2  4.108992112e-02  2.643536890e-02  7.605791679e-02 composite goal   composite goal    1.454587970e+01  2.842140645e+04                 
     3  3.611665528e-02  2.870507560e-02  7.605791679e-02 composite goal   composite goal    1.739844546e+01  2.555184569e+04                 
     4  3.611665528e-02  2.643536890e-02  9.747826716e-02 composite goal   composite goal    1.556830814e+01  2.609315141e+04                 
     5  3.003821925e-02  2.744412743e-02  8.557807251e-02 composite goal   composite goal    1.784054431e+01  2.411548369e+04  2.411548369e+04           R
     6  2.451236832e-02  2.794850670e-02  9.033815037e-02 composite goal   composite goal    1.751360348e+01  2.333006216e+04  2.333006216e+04   E success
     7  2.322300310e-02  2.534254716e-02  8.716476513e-02 composite goal   composite goal    1.736475635e+01  2.340396987e+04                            R
     8  1.739016045e-02  2.814465419e-02  1.064695253e-01 composite goal   composite goal    1.744860479e+01  2.220745615e+04  2.220745615e+04           R
     9  8.855790676e-03  2.937758129e-02  1.252453880e-01 composite goal   composite goal    1.455288541e+01  2.308363533e+04                    E failure
    10  1.337880200e-02  2.684634460e-02  1.037368880e-01 composite goal   composite goal    1.709522343e+01  2.291098326e+04                            R
    11  1.363121741e-02  2.995045651e-02  1.131982774e-01 composite goal   composite goal    1.643692879e+01  2.210725607e+04  2.210725607e+04           R
    12  8.835324562e-03  3.225441118e-02  1.262150335e-01 composite goal   composite goal    1.478334653e+01  2.257387403e+04                    E failure
    13  5.087751583e-03  2.867913017e-02  1.252649768e-01  Execution of FEKO failed for the current parameter set. No goal function values were computed.