================  L O G - FILE - OPTFEKO  ================

Version: 2018-10 of 2018-02-06
Date: 2018-08-01 11:09:44
File: Yagi_6_element_V0_1_Panel_optimised

OPTIMISATION WITH FEKO

================= Optimisation variables =================

No.  Name                                  Beg.value          Minimum          Maximum
  1 reflector_spacing                1.292210000e-02  5.168840000e-03  1.550650000e-02
  2 director_spacing                 1.292210000e-02  5.168840000e-03  2.584420000e-02



=================== Optimisation goals ===================

No.  Name                            Expression
  1 yagi_element_spacing.goals.maximise_directivity  max(total(direct(farfield(yagi_farfield))))


======== Optimisation method: SIMPLEX NELDER-MEAD ========

Maximum number of iterations:                      1000
Base of the simplex:                    1.500000000e-01
Reduction factor of the base:           5.000000000e-01
Termination at minimal base:            5.000000000e-03
Termination at standard deviation:      1.000000000e-02
Standard reflection coefficient (R):    1.000000000e+00
Contraction coefficient (-C, +C):       5.000000000e-01
Expansion coefficient (E):              2.000000000e+00


=========== SIMPLEX NELDER-MEAD: Intermediate results ===========

 No.    reflector_spaci  director_spacin  yagi_element_sp  Global goal      Global best aim  Operation
     1  1.292210000e-02  1.292210000e-02  1.724799529e+01 -1.724799529e+01 -1.724799529e+01
     2  1.441991192e-02  1.372477654e-02  1.461265770e+01 -1.461265770e+01                 
     3  1.332343749e-02  1.591772963e-02  8.156866311e+00 -8.156866311e+00                 
     4  1.401857442e-02  1.072914691e-02  1.171870673e+01 -1.171870673e+01                            R
     5  1.384479019e-02  1.202629259e-02  1.627861567e+01 -1.627861567e+01                   +C success
     6  1.234697827e-02  1.122361605e-02  1.252713488e+01 -1.252713488e+01                            R
     7  1.390167851e-02  1.309948642e-02  1.590155893e+01 -1.590155893e+01                   -C success
     8  1.286521168e-02  1.184890617e-02  1.590366794e+01 -1.590366794e+01                            R
     9  1.312432839e-02  1.216155123e-02  1.664770960e+01 -1.664770960e+01                   +C success
    10  1.220163820e-02  1.305735864e-02  1.806420921e+01 -1.806420921e+01 -1.806420921e+01           R
    11  1.138006220e-02  1.357289167e-02  1.935459422e+01 -1.935459422e+01 -1.935459422e+01   E success
    12  1.065960040e-02  1.370815031e-02  2.032831921e+01 -2.032831921e+01 -2.032831921e+01           R
    13  9.528350604e-03  1.410117547e-02  2.200507037e+01 -2.200507037e+01 -2.200507037e+01   E success
    14  8.807888804e-03  1.423643411e-02  2.280628407e+01 -2.280628407e+01 -2.280628407e+01           R
    15  7.521802104e-03  1.456820534e-02  2.388473600e+01 -2.388473600e+01 -2.388473600e+01   E success
    16  6.801340303e-03  1.470346398e-02  2.418365189e+01 -2.418365189e+01 -2.418365189e+01           R
    17  5.437835153e-03  1.500460823e-02  2.419609364e+01 -2.419609364e+01 -2.419609364e+01   E success
    18  4.717373352e-03  1.513986688e-02  Parameter set does not adhere to boundary constraints. No goal function values were computed.
    19  6.820694916e-03  1.471112072e-02  2.417054838e+01 -2.417054838e+01                   -C success


================= SIMPLEX NELDER-MEAD: Finished =================

Optimisation finished (Standard deviation small enough:   1.277405974e-02)

Optimum found for these parameters:
  reflector_spacing              =   5.437835153e-03
  director_spacing               =   1.500460823e-02

Optimum aim function value (at no. 17):  -2.419609364e+01
No. of the last analysis: 19
