================  L O G - FILE - OPTFEKO  ================

Version: 2018.0.2-10 of 2018-02-06
Date: 2018-08-11 20:09:54
File: Yagi_8_element_V0_0_Corner_Panel_masks_extraPanel

OPTIMISATION WITH FEKO

================= Optimisation variables =================

No.  Name                                  Beg.value          Minimum          Maximum
  1 panel_reflector_spacing          3.445890000e-02  4.800000000e-03  5.168840000e-02
  2 panel_reflector_height           2.567880000e-02  2.139900000e-02  4.279800000e-02
  3 panel_reflector_length           6.891780000e-02  4.800000000e-03  2.067530000e-01



=================== Optimisation goals ===================

No.  Name                            Expression
  1 panel_reflector_parameters_masked.goals.mask_max  (log(total(direct(farfield(yagi_farfield)))))*(10)
  2 panel_reflector_parameters_masked.goals.mask_min  (log(total(direct(farfield(yagi_farfield)))))*(10)
  3 panel_reflector_parameters_masked.goals.maximise_directivity  max(total(direct(farfield(yagi_farfield))))


======== Optimisation method: SIMPLEX NELDER-MEAD ========

Maximum number of iterations:                      1000
Base of the simplex:                    1.500000000e-01
Reduction factor of the base:           5.000000000e-01
Termination at minimal base:            5.000000000e-03
Termination at standard deviation:      1.000000000e-02
Standard reflection coefficient (R):    1.000000000e+00
Contraction coefficient (-C, +C):       5.000000000e-01
Expansion coefficient (E):              2.000000000e+00


=========== SIMPLEX NELDER-MEAD: Intermediate results ===========

 No.    panel_reflector  panel_reflector  panel_reflector  panel_reflector  panel_reflector  panel_reflector  Global goal      Global best aim  Operation
     1  3.445890000e-02  2.567880000e-02  6.891780000e-02 composite goal   composite goal    1.676741671e+01  2.205313377e+04  2.205313377e+04
     2  4.108992112e-02  2.643536890e-02  7.605791679e-02 composite goal   composite goal    1.480390221e+01  2.553710762e+04                 
     3  3.611665528e-02  2.870507560e-02  7.605791679e-02 composite goal   composite goal    1.526841186e+01  2.274609167e+04                 
     4  3.611665528e-02  2.643536890e-02  9.747826716e-02 composite goal   composite goal    1.451385320e+01  2.575459052e+04                 
     5  3.832699565e-02  2.744412743e-02  4.987748856e-02 composite goal   composite goal    1.614516258e+01  2.606693089e+04                            R
     6  3.666924037e-02  2.668755853e-02  8.557807251e-02 composite goal   composite goal    1.467742880e+01  2.425158309e+04                   -C success
     7  3.040660932e-02  2.761225386e-02  7.764460941e-02 composite goal   composite goal    1.780060162e+01  2.187225794e+04  2.187225794e+04           R
     8  2.506495341e-02  2.820069634e-02  7.843795572e-02 composite goal   composite goal    2.033473104e+01  2.217279466e+04                    E failure
     9  3.065220269e-02  2.797652777e-02  6.283547829e-02 composite goal   composite goal    1.976448661e+01  2.082862257e+04  2.082862257e+04           R
    10  2.764368385e-02  2.862101239e-02  5.146418118e-02 composite goal   composite goal    2.270147319e+01  2.129031831e+04                    E failure
    11  2.756181939e-02  2.547331215e-02  6.354067501e-02 composite goal   composite goal    2.192190353e+01  1.987062220e+04  1.987062220e+04           R
    12  2.328440145e-02  2.385743042e-02  5.728205412e-02 composite goal   composite goal    2.284194566e+01  1.971517195e+04  1.971517195e+04   E success
    13  2.392567304e-02  2.392592637e-02  4.479419554e-02 composite goal   composite goal    2.269418882e+01  2.146633727e+04                            R
    14  2.554590711e-02  2.484750825e-02  5.300679901e-02 composite goal   composite goal    2.313586042e+01  2.111446144e+04                   +C success
    15  2.878637525e-02  2.669067199e-02  6.943200594e-02 composite goal   composite goal    2.024869134e+01  2.025438662e+04                            R
    16  2.243619470e-02  2.270441527e-02  6.400101176e-02 composite goal   composite goal    2.181084858e+01  1.992945369e+04                            R


================= SIMPLEX NELDER-MEAD: Finished =================

Optimisation finished (Standard deviation small enough:   2.267802874e+02)

Optimum found for these parameters:
  panel_reflector_spacing        =   2.328440145e-02
  panel_reflector_height         =   2.385743042e-02
  panel_reflector_length         =   5.728205412e-02

Optimum aim function value (at no. 12):   1.971517195e+04
No. of the last analysis: 16
