================  L O G - FILE - OPTFEKO  ================

Version: 2018.0.2-10 of 2018-02-06
Date: 2018-08-19 12:55:41
File: Yagi_8_element_V0_0_Corner_Panel_masks_extraCorner__short

OPTIMISATION WITH FEKO

================= Optimisation variables =================

No.  Name                                  Beg.value          Minimum          Maximum
  1 panel_reflector_spacing          3.445890000e-02  4.800000000e-03  2.584420000e-01
  2 panel_reflector_spacing_1        1.740320000e-02  4.800000000e-03  2.067530000e-01



=================== Optimisation goals ===================

No.  Name                            Expression
  1 panel_reflector_parameters_masked.goals.mask_max  (log(total(direct(farfield(yagi_farfield)))))*(10)
  2 panel_reflector_parameters_masked.goals.mask_min  (log(total(direct(farfield(yagi_farfield)))))*(10)
  3 panel_reflector_parameters_masked.goals.maximise_directivity  max(total(direct(farfield(yagi_farfield))))


======== Optimisation method: SIMPLEX NELDER-MEAD ========

Maximum number of iterations:                      1000
Base of the simplex:                    1.500000000e-01
Reduction factor of the base:           5.000000000e-01
Termination at minimal base:            5.000000000e-03
Termination at standard deviation:      1.000000000e-02
Standard reflection coefficient (R):    1.000000000e+00
Contraction coefficient (-C, +C):       5.000000000e-01
Expansion coefficient (E):              2.000000000e+00


=========== SIMPLEX NELDER-MEAD: Intermediate results ===========

 No.    panel_reflector  panel_reflector  panel_reflector  panel_reflector  panel_reflector  Global goal      Global best aim  Operation
     1  3.445890000e-02  1.740320000e-02 composite goal   composite goal    1.613864678e+01  2.291000349e+04  2.291000349e+04
     2  7.120880376e-02  2.524359239e-02 composite goal   composite goal    1.152780062e+01  2.485356503e+04                 
     3  4.430600704e-02  4.666394276e-02 composite goal   composite goal    1.060321194e+01  2.343482590e+04                 
     4  7.556103271e-03  3.882355037e-02 composite goal   composite goal    1.231225377e+01  2.184031841e+04  2.184031841e+04           R
     5 -2.427024698e-02  4.561352935e-02  Parameter set does not adhere to boundary constraints. No goal function values were computed.
     6 -2.291003765e-03  9.562807608e-03  Parameter set does not adhere to boundary constraints. No goal function values were computed.
     7  3.265675434e-02  3.738865897e-02 composite goal   composite goal    1.642162505e+01  2.289428346e+04                   -C success
     8  5.753957607e-03  5.880900934e-02 composite goal   composite goal    1.317047826e+01  2.161888517e+04  2.161888517e+04           R
     9 -8.598513590e-03  7.951191401e-02  Parameter set does not adhere to boundary constraints. No goal function values were computed.
    10 -1.934669346e-02  6.024390073e-02  Parameter set does not adhere to boundary constraints. No goal function values were computed.
    11  1.965589239e-02  4.310246941e-02 composite goal   composite goal    2.364822781e+01  2.130531838e+04  2.130531838e+04  -C success
    12  1.785374672e-02  6.308792838e-02 composite goal   composite goal    2.236373281e+01  2.145276945e+04                            R


================= SIMPLEX NELDER-MEAD: Finished =================

Optimisation finished (Standard deviation small enough:   1.568759512e+02)

Optimum found for these parameters:
  panel_reflector_spacing        =   1.965589239e-02
  panel_reflector_spacing_1      =   4.310246941e-02

Optimum aim function value (at no. 11):   2.130531838e+04
No. of the last analysis: 12
