================  L O G - FILE - OPTFEKO  ================

Version: 2018-10 of 2018-02-06
Date: 2018-08-01 11:55:42
File: Yagi_6_element_V0_1_Panel_Elements_optimised

OPTIMISATION WITH FEKO

================= Optimisation variables =================

No.  Name                                  Beg.value          Minimum          Maximum
  1 panel_reflector_spacing          1.809090000e-02  5.168840000e-03  2.584420000e-02
  2 reflector_spacing                1.292210000e-02  5.168840000e-03  1.550650000e-02
  3 director_spacing                 1.292210000e-02  5.168840000e-03  2.584420000e-02



=================== Optimisation goals ===================

No.  Name                            Expression
  1 yagi_element_spacing.goals.maximise_directivity  max(total(direct(farfield(yagi_farfield))))


======== Optimisation method: SIMPLEX NELDER-MEAD ========

Maximum number of iterations:                      1000
Base of the simplex:                    1.500000000e-01
Reduction factor of the base:           5.000000000e-01
Termination at minimal base:            5.000000000e-03
Termination at standard deviation:      1.000000000e-02
Standard reflection coefficient (R):    1.000000000e+00
Contraction coefficient (-C, +C):       5.000000000e-01
Expansion coefficient (E):              2.000000000e+00


=========== SIMPLEX NELDER-MEAD: Intermediate results ===========

 No.    panel_reflector  reflector_spaci  director_spacin  yagi_element_sp  Global goal      Global best aim  Operation
     1  1.809090000e-02  1.292210000e-02  1.292210000e-02  7.013163367e+00 -7.013163367e+00 -7.013163367e+00
     2  2.101483745e-02  1.328759147e-02  1.365308436e-02  6.750647057e+00 -6.750647057e+00                 
     3  1.882188436e-02  1.438406590e-02  1.365308436e-02  6.710485331e+00 -6.710485331e+00                 
     4  1.882188436e-02  1.328759147e-02  1.584603745e-02  7.799945001e+00 -7.799945001e+00 -7.799945001e+00
     5  1.979653018e-02  1.194745607e-02  1.462773018e-02  9.215352081e+00 -9.215352081e+00 -9.215352081e+00           R
     6  2.028385309e-02  1.072915115e-02  1.511505309e-02  1.189269592e+01 -1.189269592e+01 -1.189269592e+01   E success
     7  2.117727842e-02  1.105403246e-02  1.747044715e-02  5.905128847e+00 -5.905128847e+00                            R
     8  1.886249461e-02  1.245508312e-02  1.405918679e-02  8.267859575e+00 -8.267859575e+00                   -C success
     9  2.047336755e-02  1.013353542e-02  1.335527592e-02  8.216033455e+00 -8.216033455e+00                            R
    10  2.006049676e-02  1.092204943e-02  1.397796630e-02  8.569363994e+00 -8.569363994e+00                   +C success
    11  2.123142541e-02  9.944021320e-03  1.508797959e-02  1.190094196e+01 -1.190094196e+01 -1.190094196e+01           R
    12  2.241589081e-02  8.688490422e-03  1.560237600e-02  1.306836567e+01 -1.306836567e+01 -1.306836567e+01   E success
    13  2.282424936e-02  7.626985862e-03  1.590920894e-02  1.166074545e+01 -1.166074545e+01                            R
    14  2.206731957e-02  8.707103414e-03  1.558883925e-02  1.291466930e+01 -1.291466930e+01                   +C success
    15  2.352590411e-02  7.497258950e-03  1.573774347e-02  1.308907949e+01 -1.308907949e+01 -1.308907949e+01           R
    16  2.514692961e-02  5.881312848e-03  1.604908866e-02  1.223977019e+01 -1.223977019e+01                    E failure
    17  2.410798425e-02  6.651213870e-03  1.619799289e-02  1.000103407e+01 -1.000103407e+01                            R
    18  2.195056512e-02  9.120819457e-03  1.536548292e-02  1.325488818e+01 -1.325488818e+01 -1.325488818e+01  -C success
    19  2.319425379e-02  8.163942472e-03  1.554822901e-02  1.367849828e+01 -1.367849828e+01 -1.367849828e+01           R
    20  2.375772091e-02  7.892362002e-03  1.552792389e-02  1.407172944e+01 -1.407172944e+01 -1.407172944e+01   E success
    21  2.240912244e-02  9.287490338e-03  1.522334707e-02  1.350370756e+01 -1.350370756e+01                            R
    22  2.429016631e-02  7.775043751e-03  1.550085039e-02  1.453909571e+01 -1.453909571e+01 -1.453909571e+01           R
    23  2.545996690e-02  7.102155898e-03  1.556853413e-02  1.503619372e+01 -1.503619372e+01 -1.503619372e+01   E success
    24  2.581098228e-02  7.015765294e-03  1.551664326e-02  1.554546642e+01 -1.554546642e+01 -1.554546642e+01           R
    25  2.711934653e-02  6.441676705e-03  1.550085039e-02  Parameter set does not adhere to boundary constraints. No goal function values were computed.
    26  2.661635609e-02  6.702947960e-03  1.552942797e-02  Parameter set does not adhere to boundary constraints. No goal function values were computed.
    27  2.447237970e-02  7.595008491e-03  1.552829991e-02  1.454296128e+01 -1.454296128e+01                   -C success
    28  2.620538628e-02  6.700242705e-03  1.557480114e-02  Parameter set does not adhere to boundary constraints. No goal function values were computed.
    29  2.476897130e-02  7.506343489e-03  1.551933808e-02  1.482872018e+01 -1.482872018e+01                   -C success
    30  2.622090062e-02  6.821167963e-03  1.554137707e-02  Parameter set does not adhere to boundary constraints. No goal function values were computed.
    31  2.490950993e-02  7.401548359e-03  1.553156920e-02  1.482836752e+01 -1.482836752e+01                   -C success
    32  2.578377039e-02  7.014628095e-03  1.553810778e-02  1.542437334e+01 -1.542437334e+01                            R
    33  2.660084175e-02  6.582022702e-03  1.556285204e-02  Parameter set does not adhere to boundary constraints. No goal function values were computed.
    34  2.522693891e-02  7.275263292e-03  1.553021657e-02  1.510074314e+01 -1.510074314e+01                   -C success
    35  2.575449416e-02  7.101615224e-03  1.548811095e-02  1.563995887e+01 -1.563995887e+01 -1.563995887e+01           R
    36  2.590175779e-02  7.101344887e-03  1.544789936e-02  Parameter set does not adhere to boundary constraints. No goal function values were computed.
    37  2.633922564e-02  6.812742450e-03  1.549835809e-02  Parameter set does not adhere to boundary constraints. No goal function values were computed.
    38  2.550501059e-02  7.159633082e-03  1.552225195e-02  1.533624904e+01 -1.533624904e+01                   -C success
    39  2.606115396e-02  6.928372660e-03  1.550632271e-02  Parameter set does not adhere to boundary constraints. No goal function values were computed.
    40  2.564404644e-02  7.101817976e-03  1.551826964e-02  1.545748097e+01 -1.545748097e+01                   -C success
    41  2.568924486e-02  7.131504235e-03  1.547724145e-02  1.566813309e+01 -1.566813309e+01 -1.566813309e+01           R
    42  2.564198209e-02  7.189942305e-03  1.544680829e-02  1.574441424e+01 -1.574441424e+01 -1.574441424e+01   E success
    43  2.557949846e-02  7.266275881e-03  1.542479719e-02  1.574111767e+01 -1.574111767e+01                            R


================= SIMPLEX NELDER-MEAD: Finished =================

Optimisation finished (Standard deviation small enough:   5.251527180e-02)

Optimum found for these parameters:
  panel_reflector_spacing        =   2.564198209e-02
  reflector_spacing              =   7.189942305e-03
  director_spacing               =   1.544680829e-02

Optimum aim function value (at no. 42):  -1.574441424e+01
No. of the last analysis: 43

Sensitivity of optimum value with respect to each optimisation parameter,
i.e. the gradient of the aim function at 1% variation from the optimum:
Parameter                          Sensitivity
  panel_reflector_spacing          1.097603885e+03
  reflector_spacing                1.903585350e+02
  director_spacing                 5.542669148e+03

