================  L O G - FILE - OPTFEKO  ================

Version: 2018.0.2-10 of 2018-02-06
Date: 2018-08-16 22:24:20
File: Yagi_8_element_V0_0_Corner_Panel_masks_extraPanel__short

OPTIMISATION WITH FEKO

================= Optimisation variables =================

No.  Name                                  Beg.value          Minimum          Maximum
  1 panel_reflector_spacing          3.445890000e-02  4.800000000e-03  2.584420000e-01
  2 panel_reflector_spacing_1        1.740320000e-02  4.800000000e-03  2.067530000e-01



=================== Optimisation goals ===================

No.  Name                            Expression
  1 panel_reflector_parameters_masked.goals.mask_max  (log(total(direct(farfield(yagi_farfield)))))*(10)
  2 panel_reflector_parameters_masked.goals.mask_min  (log(total(direct(farfield(yagi_farfield)))))*(10)
  3 panel_reflector_parameters_masked.goals.maximise_directivity  max(total(direct(farfield(yagi_farfield))))


======== Optimisation method: SIMPLEX NELDER-MEAD ========

Maximum number of iterations:                      1000
Base of the simplex:                    1.500000000e-01
Reduction factor of the base:           5.000000000e-01
Termination at minimal base:            5.000000000e-03
Termination at standard deviation:      1.000000000e-02
Standard reflection coefficient (R):    1.000000000e+00
Contraction coefficient (-C, +C):       5.000000000e-01
Expansion coefficient (E):              2.000000000e+00


=========== SIMPLEX NELDER-MEAD: Intermediate results ===========

 No.    panel_reflector  panel_reflector  panel_reflector  panel_reflector  panel_reflector  Global goal      Global best aim  Operation
     1  3.445890000e-02  1.740320000e-02 composite goal   composite goal    1.594534981e+01  2.307650068e+04  2.307650068e+04
     2  7.120880376e-02  2.524359239e-02 composite goal   composite goal    1.184732775e+01  2.439428380e+04                 
     3  4.430600704e-02  4.666394276e-02 composite goal   composite goal    1.064772664e+01  2.287606933e+04  2.287606933e+04
     4  7.556103271e-03  3.882355037e-02 composite goal   composite goal    1.278040391e+01  2.175506031e+04  2.175506031e+04           R
     5 -2.427024698e-02  4.561352935e-02  Parameter set does not adhere to boundary constraints. No goal function values were computed.
     6  1.740321031e-02  6.808429313e-02 composite goal   composite goal    2.155171261e+01  2.152892855e+04  2.152892855e+04           R
     7  8.875365460e-03  9.342483969e-02 composite goal   composite goal    1.228690352e+01  2.197475724e+04                    E failure
     8 -1.934669346e-02  6.024390073e-02  Parameter set does not adhere to boundary constraints. No goal function values were computed.
     9  2.839283191e-02  5.005893225e-02 composite goal   composite goal    1.997028575e+01  2.174642838e+04                   -C success


================= SIMPLEX NELDER-MEAD: Finished =================

Optimisation finished (Standard deviation small enough:   1.281381171e+02)

Optimum found for these parameters:
  panel_reflector_spacing        =   1.740321031e-02
  panel_reflector_spacing_1      =   6.808429313e-02

Optimum aim function value (at no. 6):   2.152892855e+04
No. of the last analysis: 9
