================  L O G - FILE - OPTFEKO  ================

Version: 2018.0.2-10 of 2018-02-06
Date: 2018-08-16 21:42:10
File: Yagi_8_element_V0_0_Corner_Panel_masks_extraPanel_optimum

OPTIMISATION WITH FEKO

================= Optimisation variables =================

No.  Name                                  Beg.value          Minimum          Maximum
  1 panel_reflector_spacing          3.445890000e-02  4.800000000e-03  2.584420000e-01
  2 panel_reflector_spacing_1        8.580980000e-03  4.800000000e-03  2.067530000e-01



=================== Optimisation goals ===================

No.  Name                            Expression
  1 panel_reflector_parameters_masked.goals.mask_max  (log(total(direct(farfield(yagi_farfield)))))*(10)
  2 panel_reflector_parameters_masked.goals.mask_min  (log(total(direct(farfield(yagi_farfield)))))*(10)
  3 panel_reflector_parameters_masked.goals.maximise_directivity  max(total(direct(farfield(yagi_farfield))))


======== Optimisation method: SIMPLEX NELDER-MEAD ========

Maximum number of iterations:                      1000
Base of the simplex:                    1.500000000e-01
Reduction factor of the base:           5.000000000e-01
Termination at minimal base:            5.000000000e-03
Termination at standard deviation:      1.000000000e-02
Standard reflection coefficient (R):    1.000000000e+00
Contraction coefficient (-C, +C):       5.000000000e-01
Expansion coefficient (E):              2.000000000e+00


=========== SIMPLEX NELDER-MEAD: Intermediate results ===========

 No.    panel_reflector  panel_reflector  panel_reflector  panel_reflector  panel_reflector  Global goal      Global best aim  Operation
     1  3.445890000e-02  8.580980000e-03 composite goal   composite goal    1.573029940e+01  1.987062832e+04  1.987062832e+04
     2  7.120880376e-02  1.642137239e-02 composite goal   composite goal    1.093997064e+01  2.119946057e+04                 
     3  4.430600704e-02  3.784172276e-02 composite goal   composite goal    1.091535777e+01  1.969139787e+04  1.969139787e+04
     4  7.556103271e-03  3.000133037e-02 composite goal   composite goal    1.194375316e+01  1.898253587e+04  1.898253587e+04           R
     5 -2.427024698e-02  3.679130935e-02  Parameter set does not adhere to boundary constraints. No goal function values were computed.
     6  1.740321031e-02  5.926207313e-02 composite goal   composite goal    2.174262720e+01  1.856324584e+04  1.856324584e+04           R
     7  8.875365460e-03  8.460261969e-02 composite goal   composite goal    1.241454895e+01  1.905585513e+04                    E failure
     8 -1.934669346e-02  5.142168073e-02  Parameter set does not adhere to boundary constraints. No goal function values were computed.
     9  2.839283191e-02  4.123671225e-02 composite goal   composite goal    1.975759599e+01  1.881183387e+04                   -C success
    10  3.823993895e-02  7.049745501e-02 composite goal   composite goal    1.420835187e+01  1.996932844e+04                            R
    11  1.522706219e-02  4.012536153e-02 composite goal   composite goal    1.903033596e+01  1.881151637e+04                   -C success


================= SIMPLEX NELDER-MEAD: Finished =================

Optimisation finished (Standard deviation small enough:   1.434308022e+02)

Optimum found for these parameters:
  panel_reflector_spacing        =   1.740321031e-02
  panel_reflector_spacing_1      =   5.926207313e-02

Optimum aim function value (at no. 6):   1.856324584e+04
No. of the last analysis: 11
