================  L O G - FILE - OPTFEKO  ================

Version: 2018.0.2-10 of 2018-02-06
Date: 2018-08-19 14:49:35
File: Yagi_9_element_V0_0_Corner_Corner_masks

OPTIMISATION WITH FEKO

================= Optimisation variables =================

No.  Name                                  Beg.value          Minimum          Maximum
  1 panel_reflector_spacing          3.445890000e-02  4.800000000e-03  2.584420000e-01
  2 panel_reflector_spacing_1        1.740320000e-02  4.800000000e-03  2.067530000e-01



=================== Optimisation goals ===================

No.  Name                            Expression
  1 panel_reflector_parameters_masked.goals.mask_max  (log(total(direct(farfield(yagi_farfield)))))*(10)
  2 panel_reflector_parameters_masked.goals.mask_min  (log(total(direct(farfield(yagi_farfield)))))*(10)
  3 panel_reflector_parameters_masked.goals.maximise_directivity  max(total(direct(farfield(yagi_farfield))))


======== Optimisation method: SIMPLEX NELDER-MEAD ========

Maximum number of iterations:                      1000
Base of the simplex:                    1.500000000e-01
Reduction factor of the base:           5.000000000e-01
Termination at minimal base:            5.000000000e-03
Termination at standard deviation:      1.000000000e-02
Standard reflection coefficient (R):    1.000000000e+00
Contraction coefficient (-C, +C):       5.000000000e-01
Expansion coefficient (E):              2.000000000e+00


=========== SIMPLEX NELDER-MEAD: Intermediate results ===========

 No.    panel_reflector  panel_reflector  panel_reflector  panel_reflector  panel_reflector  Global goal      Global best aim  Operation
     1  3.445890000e-02  1.740320000e-02 composite goal   composite goal    1.914407888e+01  2.508541312e+04  2.508541312e+04
     2  7.120880376e-02  2.524359239e-02 composite goal   composite goal    1.174029814e+01  2.701918921e+04                 
     3  4.430600704e-02  4.666394276e-02 composite goal   composite goal    8.961950552e+00  2.736210758e+04                 
     4  6.136169673e-02 -4.017150367e-03  Parameter set does not adhere to boundary constraints. No goal function values were computed.
     5  4.856992946e-02  3.399366948e-02 composite goal   composite goal    1.383634238e+01  2.634391133e+04                   -C success
     6  1.182002569e-02  2.615327709e-02 composite goal   composite goal    2.227545975e+01  2.169281151e+04  2.169281151e+04           R
     7 -1.787436334e-02  2.660811943e-02  Parameter set does not adhere to boundary constraints. No goal function values were computed.
     8 -2.291003765e-03  9.562807608e-03  Parameter set does not adhere to boundary constraints. No goal function values were computed.
     9  3.585469615e-02  2.788595401e-02 composite goal   composite goal    1.969680866e+01  2.505159027e+04                   -C success
    10  1.321582185e-02  3.663603110e-02 composite goal   composite goal    2.237031340e+01  2.198613248e+04                            R
    11 -1.081884861e-02  3.490335417e-02  Parameter set does not adhere to boundary constraints. No goal function values were computed.
    12  2.418630996e-02  2.964030405e-02 composite goal   composite goal    1.687087060e+01  2.273297805e+04                   -C success
    13  8.495375797e-04  3.314900413e-02  Parameter set does not adhere to boundary constraints. No goal function values were computed.
    14  1.835211687e-02  3.051747907e-02 composite goal   composite goal    2.054888177e+01  2.212280251e+04                   -C success


================= SIMPLEX NELDER-MEAD: Finished =================

Optimisation finished (Standard deviation small enough:   2.196998505e+02)

Optimum found for these parameters:
  panel_reflector_spacing        =   1.182002569e-02
  panel_reflector_spacing_1      =   2.615327709e-02

Optimum aim function value (at no. 6):   2.169281151e+04
No. of the last analysis: 14
